{"C:\\Users\\rweat\\Documents\\careerfoundry\\meet\\src\\App.js": {"path":"C:\\Users\\rweat\\Documents\\careerfoundry\\meet\\src\\App.js","statementMap":{"0":{"start":{"line":12,"column":12},"end":{"line":38,"column":1}},"1":{"start":{"line":13,"column":30},"end":{"line":13,"column":42}},"2":{"start":{"line":14,"column":38},"end":{"line":14,"column":50}},"3":{"start":{"line":15,"column":42},"end":{"line":15,"column":54}},"4":{"start":{"line":16,"column":40},"end":{"line":16,"column":66}},"5":{"start":{"line":18,"column":2},"end":{"line":20,"column":20}},"6":{"start":{"line":19,"column":4},"end":{"line":19,"column":16}},"7":{"start":{"line":22,"column":20},"end":{"line":28,"column":3}},"8":{"start":{"line":23,"column":22},"end":{"line":23,"column":39}},"9":{"start":{"line":23,"column":64},"end":{"line":25,"column":63}},"10":{"start":{"line":25,"column":32},"end":{"line":25,"column":62}},"11":{"start":{"line":26,"column":4},"end":{"line":26,"column":51}},"12":{"start":{"line":27,"column":4},"end":{"line":27,"column":49}},"13":{"start":{"line":31,"column":2},"end":{"line":37,"column":4}}},"fnMap":{"0":{"name":"(anonymous_0)","decl":{"start":{"line":12,"column":12},"end":{"line":12,"column":13}},"loc":{"start":{"line":12,"column":18},"end":{"line":38,"column":1}},"line":12},"1":{"name":"(anonymous_1)","decl":{"start":{"line":18,"column":12},"end":{"line":18,"column":13}},"loc":{"start":{"line":18,"column":18},"end":{"line":20,"column":3}},"line":18},"2":{"name":"(anonymous_2)","decl":{"start":{"line":22,"column":20},"end":{"line":22,"column":21}},"loc":{"start":{"line":22,"column":32},"end":{"line":28,"column":3}},"line":22},"3":{"name":"(anonymous_3)","decl":{"start":{"line":25,"column":23},"end":{"line":25,"column":24}},"loc":{"start":{"line":25,"column":32},"end":{"line":25,"column":62}},"line":25}},"branchMap":{"0":{"loc":{"start":{"line":23,"column":64},"end":{"line":25,"column":63}},"type":"cond-expr","locations":[{"start":{"line":24,"column":6},"end":{"line":24,"column":15}},{"start":{"line":25,"column":6},"end":{"line":25,"column":63}}],"line":23}},"s":{"0":3,"1":12,"2":10,"3":10,"4":10,"5":10,"6":6,"7":10,"8":6,"9":6,"10":35,"11":6,"12":6,"13":10},"f":{"0":12,"1":6,"2":6,"3":35},"b":{"0":[5,1]},"_coverageSchema":"1a1c01bbd47fc00a2c39e90264f33305004495a9","hash":"3b0dc9dabbe35486b626deeda70c6a6411affb85"}
,"C:\\Users\\rweat\\Documents\\careerfoundry\\meet\\src\\api.js": {"path":"C:\\Users\\rweat\\Documents\\careerfoundry\\meet\\src\\api.js","statementMap":{"0":{"start":{"line":13,"column":32},"end":{"line":17,"column":1}},"1":{"start":{"line":14,"column":31},"end":{"line":14,"column":68}},"2":{"start":{"line":14,"column":53},"end":{"line":14,"column":67}},"3":{"start":{"line":15,"column":22},"end":{"line":15,"column":54}},"4":{"start":{"line":16,"column":4},"end":{"line":16,"column":21}},"5":{"start":{"line":23,"column":19},"end":{"line":29,"column":1}},"6":{"start":{"line":24,"column":21},"end":{"line":26,"column":5}},"7":{"start":{"line":27,"column":19},"end":{"line":27,"column":40}},"8":{"start":{"line":28,"column":4},"end":{"line":28,"column":18}},"9":{"start":{"line":31,"column":20},"end":{"line":44,"column":1}},"10":{"start":{"line":33,"column":4},"end":{"line":43,"column":5}},"11":{"start":{"line":34,"column":8},"end":{"line":38,"column":37}},"12":{"start":{"line":39,"column":8},"end":{"line":39,"column":49}},"13":{"start":{"line":41,"column":8},"end":{"line":41,"column":72}},"14":{"start":{"line":42,"column":8},"end":{"line":42,"column":49}},"15":{"start":{"line":47,"column":17},"end":{"line":56,"column":1}},"16":{"start":{"line":48,"column":23},"end":{"line":48,"column":47}},"17":{"start":{"line":49,"column":21},"end":{"line":51,"column":5}},"18":{"start":{"line":52,"column":29},"end":{"line":52,"column":50}},"19":{"start":{"line":53,"column":4},"end":{"line":53,"column":71}},"20":{"start":{"line":55,"column":4},"end":{"line":55,"column":24}},"21":{"start":{"line":58,"column":25},"end":{"line":74,"column":1}},"22":{"start":{"line":59,"column":4},"end":{"line":61,"column":5}},"23":{"start":{"line":60,"column":8},"end":{"line":60,"column":24}},"24":{"start":{"line":62,"column":18},"end":{"line":62,"column":40}},"25":{"start":{"line":65,"column":4},"end":{"line":73,"column":5}},"26":{"start":{"line":66,"column":8},"end":{"line":66,"column":22}},"27":{"start":{"line":67,"column":20},"end":{"line":67,"column":85}},"28":{"start":{"line":68,"column":25},"end":{"line":68,"column":41}},"29":{"start":{"line":69,"column":23},"end":{"line":69,"column":44}},"30":{"start":{"line":70,"column":8},"end":{"line":72,"column":27}},"31":{"start":{"line":71,"column":12},"end":{"line":71,"column":33}},"32":{"start":{"line":72,"column":15},"end":{"line":72,"column":27}},"33":{"start":{"line":76,"column":30},"end":{"line":95,"column":1}},"34":{"start":{"line":77,"column":24},"end":{"line":77,"column":60}},"35":{"start":{"line":78,"column":23},"end":{"line":78,"column":69}},"36":{"start":{"line":80,"column":4},"end":{"line":93,"column":5}},"37":{"start":{"line":81,"column":8},"end":{"line":81,"column":54}},"38":{"start":{"line":82,"column":29},"end":{"line":82,"column":72}},"39":{"start":{"line":83,"column":21},"end":{"line":83,"column":51}},"40":{"start":{"line":84,"column":8},"end":{"line":91,"column":9}},"41":{"start":{"line":85,"column":29},"end":{"line":87,"column":13}},"42":{"start":{"line":88,"column":27},"end":{"line":88,"column":48}},"43":{"start":{"line":89,"column":32},"end":{"line":89,"column":38}},"44":{"start":{"line":90,"column":12},"end":{"line":90,"column":52}},"45":{"start":{"line":92,"column":8},"end":{"line":92,"column":38}},"46":{"start":{"line":94,"column":4},"end":{"line":94,"column":23}}},"fnMap":{"0":{"name":"(anonymous_0)","decl":{"start":{"line":13,"column":32},"end":{"line":13,"column":33}},"loc":{"start":{"line":13,"column":44},"end":{"line":17,"column":1}},"line":13},"1":{"name":"(anonymous_1)","decl":{"start":{"line":14,"column":42},"end":{"line":14,"column":43}},"loc":{"start":{"line":14,"column":53},"end":{"line":14,"column":67}},"line":14},"2":{"name":"(anonymous_2)","decl":{"start":{"line":23,"column":19},"end":{"line":23,"column":20}},"loc":{"start":{"line":23,"column":42},"end":{"line":29,"column":1}},"line":23},"3":{"name":"(anonymous_3)","decl":{"start":{"line":31,"column":20},"end":{"line":31,"column":21}},"loc":{"start":{"line":31,"column":26},"end":{"line":44,"column":1}},"line":31},"4":{"name":"(anonymous_4)","decl":{"start":{"line":47,"column":17},"end":{"line":47,"column":18}},"loc":{"start":{"line":47,"column":33},"end":{"line":56,"column":1}},"line":47},"5":{"name":"(anonymous_5)","decl":{"start":{"line":58,"column":25},"end":{"line":58,"column":26}},"loc":{"start":{"line":58,"column":37},"end":{"line":74,"column":1}},"line":58},"6":{"name":"(anonymous_6)","decl":{"start":{"line":76,"column":30},"end":{"line":76,"column":31}},"loc":{"start":{"line":76,"column":42},"end":{"line":95,"column":1}},"line":76}},"branchMap":{"0":{"loc":{"start":{"line":33,"column":4},"end":{"line":43,"column":5}},"type":"if","locations":[{"start":{"line":33,"column":4},"end":{"line":43,"column":5}},{"start":{"line":40,"column":11},"end":{"line":43,"column":5}}],"line":33},"1":{"loc":{"start":{"line":33,"column":8},"end":{"line":33,"column":60}},"type":"binary-expr","locations":[{"start":{"line":33,"column":8},"end":{"line":33,"column":32}},{"start":{"line":33,"column":36},"end":{"line":33,"column":60}}],"line":33},"2":{"loc":{"start":{"line":53,"column":4},"end":{"line":53,"column":70}},"type":"binary-expr","locations":[{"start":{"line":53,"column":4},"end":{"line":53,"column":16}},{"start":{"line":53,"column":20},"end":{"line":53,"column":70}}],"line":53},"3":{"loc":{"start":{"line":59,"column":4},"end":{"line":61,"column":5}},"type":"if","locations":[{"start":{"line":59,"column":4},"end":{"line":61,"column":5}},{"start":{},"end":{}}],"line":59},"4":{"loc":{"start":{"line":65,"column":4},"end":{"line":73,"column":5}},"type":"if","locations":[{"start":{"line":65,"column":4},"end":{"line":73,"column":5}},{"start":{},"end":{}}],"line":65},"5":{"loc":{"start":{"line":70,"column":8},"end":{"line":72,"column":27}},"type":"if","locations":[{"start":{"line":70,"column":8},"end":{"line":72,"column":27}},{"start":{"line":72,"column":15},"end":{"line":72,"column":27}}],"line":70},"6":{"loc":{"start":{"line":78,"column":23},"end":{"line":78,"column":69}},"type":"binary-expr","locations":[{"start":{"line":78,"column":23},"end":{"line":78,"column":34}},{"start":{"line":78,"column":39},"end":{"line":78,"column":68}}],"line":78},"7":{"loc":{"start":{"line":80,"column":4},"end":{"line":93,"column":5}},"type":"if","locations":[{"start":{"line":80,"column":4},"end":{"line":93,"column":5}},{"start":{},"end":{}}],"line":80},"8":{"loc":{"start":{"line":80,"column":8},"end":{"line":80,"column":40}},"type":"binary-expr","locations":[{"start":{"line":80,"column":8},"end":{"line":80,"column":20}},{"start":{"line":80,"column":24},"end":{"line":80,"column":40}}],"line":80},"9":{"loc":{"start":{"line":84,"column":8},"end":{"line":91,"column":9}},"type":"if","locations":[{"start":{"line":84,"column":8},"end":{"line":91,"column":9}},{"start":{},"end":{}}],"line":84},"10":{"loc":{"start":{"line":92,"column":15},"end":{"line":92,"column":37}},"type":"binary-expr","locations":[{"start":{"line":92,"column":15},"end":{"line":92,"column":19}},{"start":{"line":92,"column":23},"end":{"line":92,"column":37}}],"line":92}},"s":{"0":4,"1":9,"2":315,"3":9,"4":9,"5":4,"6":0,"7":0,"8":0,"9":4,"10":0,"11":0,"12":0,"13":0,"14":0,"15":4,"16":0,"17":0,"18":0,"19":0,"20":0,"21":4,"22":18,"23":18,"24":0,"25":0,"26":0,"27":0,"28":0,"29":0,"30":0,"31":0,"32":0,"33":4,"34":0,"35":0,"36":0,"37":0,"38":0,"39":0,"40":0,"41":0,"42":0,"43":0,"44":0,"45":0,"46":0},"f":{"0":9,"1":315,"2":0,"3":0,"4":0,"5":18,"6":0},"b":{"0":[0,0],"1":[0,0],"2":[0,0],"3":[18,0],"4":[0,0],"5":[0,0],"6":[0,0],"7":[0,0],"8":[0,0],"9":[0,0],"10":[0,0]},"_coverageSchema":"1a1c01bbd47fc00a2c39e90264f33305004495a9","hash":"e66bb0d665905b4ad95e530d4cd8e284c3de0bdc"}
,"C:\\Users\\rweat\\Documents\\careerfoundry\\meet\\src\\components\\CitySearch.js": {"path":"C:\\Users\\rweat\\Documents\\careerfoundry\\meet\\src\\components\\CitySearch.js","statementMap":{"0":{"start":{"line":5,"column":19},"end":{"line":53,"column":1}},"1":{"start":{"line":6,"column":50},"end":{"line":6,"column":65}},"2":{"start":{"line":7,"column":30},"end":{"line":7,"column":42}},"3":{"start":{"line":8,"column":42},"end":{"line":8,"column":54}},"4":{"start":{"line":9,"column":30},"end":{"line":17,"column":5}},"5":{"start":{"line":10,"column":22},"end":{"line":10,"column":40}},"6":{"start":{"line":11,"column":34},"end":{"line":13,"column":15}},"7":{"start":{"line":12,"column":12},"end":{"line":12,"column":76}},"8":{"start":{"line":15,"column":8},"end":{"line":15,"column":24}},"9":{"start":{"line":16,"column":8},"end":{"line":16,"column":42}},"10":{"start":{"line":19,"column":4},"end":{"line":21,"column":28}},"11":{"start":{"line":20,"column":8},"end":{"line":20,"column":37}},"12":{"start":{"line":23,"column":30},"end":{"line":28,"column":5}},"13":{"start":{"line":24,"column":22},"end":{"line":24,"column":46}},"14":{"start":{"line":25,"column":8},"end":{"line":25,"column":24}},"15":{"start":{"line":26,"column":8},"end":{"line":26,"column":34}},"16":{"start":{"line":27,"column":8},"end":{"line":27,"column":30}},"17":{"start":{"line":30,"column":4},"end":{"line":52,"column":5}},"18":{"start":{"line":37,"column":31},"end":{"line":37,"column":55}},"19":{"start":{"line":43,"column":24},"end":{"line":43,"column":97}}},"fnMap":{"0":{"name":"(anonymous_0)","decl":{"start":{"line":5,"column":19},"end":{"line":5,"column":20}},"loc":{"start":{"line":5,"column":57},"end":{"line":53,"column":1}},"line":5},"1":{"name":"(anonymous_1)","decl":{"start":{"line":9,"column":30},"end":{"line":9,"column":31}},"loc":{"start":{"line":9,"column":41},"end":{"line":17,"column":5}},"line":9},"2":{"name":"(anonymous_2)","decl":{"start":{"line":11,"column":69},"end":{"line":11,"column":70}},"loc":{"start":{"line":11,"column":83},"end":{"line":13,"column":9}},"line":11},"3":{"name":"(anonymous_3)","decl":{"start":{"line":19,"column":14},"end":{"line":19,"column":15}},"loc":{"start":{"line":19,"column":20},"end":{"line":21,"column":5}},"line":19},"4":{"name":"(anonymous_4)","decl":{"start":{"line":23,"column":30},"end":{"line":23,"column":31}},"loc":{"start":{"line":23,"column":41},"end":{"line":28,"column":5}},"line":23},"5":{"name":"(anonymous_5)","decl":{"start":{"line":37,"column":25},"end":{"line":37,"column":26}},"loc":{"start":{"line":37,"column":31},"end":{"line":37,"column":55}},"line":37},"6":{"name":"(anonymous_6)","decl":{"start":{"line":42,"column":37},"end":{"line":42,"column":38}},"loc":{"start":{"line":42,"column":53},"end":{"line":44,"column":21}},"line":42}},"branchMap":{"0":{"loc":{"start":{"line":11,"column":34},"end":{"line":13,"column":15}},"type":"cond-expr","locations":[{"start":{"line":11,"column":49},"end":{"line":13,"column":10}},{"start":{"line":13,"column":13},"end":{"line":13,"column":15}}],"line":11},"1":{"loc":{"start":{"line":40,"column":13},"end":{"line":49,"column":22}},"type":"cond-expr","locations":[{"start":{"line":41,"column":16},"end":{"line":48,"column":21}},{"start":{"line":49,"column":18},"end":{"line":49,"column":22}}],"line":40}},"s":{"0":3,"1":55,"2":55,"3":55,"4":55,"5":18,"6":18,"7":36,"8":18,"9":18,"10":55,"11":15,"12":55,"13":2,"14":2,"15":2,"16":2,"17":55,"18":5,"19":26},"f":{"0":55,"1":18,"2":36,"3":15,"4":2,"5":5,"6":26},"b":{"0":[18,0],"1":[25,30]},"_coverageSchema":"1a1c01bbd47fc00a2c39e90264f33305004495a9","hash":"0b9fcebe6924fcd44d8ff6eb335c9f188a7fd91b"}
,"C:\\Users\\rweat\\Documents\\careerfoundry\\meet\\src\\components\\EventList.js": {"path":"C:\\Users\\rweat\\Documents\\careerfoundry\\meet\\src\\components\\EventList.js","statementMap":{"0":{"start":{"line":4,"column":18},"end":{"line":11,"column":1}},"1":{"start":{"line":5,"column":4},"end":{"line":10,"column":6}},"2":{"start":{"line":8,"column":16},"end":{"line":8,"column":54}}},"fnMap":{"0":{"name":"(anonymous_0)","decl":{"start":{"line":4,"column":18},"end":{"line":4,"column":19}},"loc":{"start":{"line":4,"column":34},"end":{"line":11,"column":1}},"line":4},"1":{"name":"(anonymous_1)","decl":{"start":{"line":7,"column":33},"end":{"line":7,"column":34}},"loc":{"start":{"line":8,"column":16},"end":{"line":8,"column":54}},"line":8}},"branchMap":{"0":{"loc":{"start":{"line":7,"column":13},"end":{"line":8,"column":62}},"type":"cond-expr","locations":[{"start":{"line":7,"column":22},"end":{"line":8,"column":55}},{"start":{"line":8,"column":58},"end":{"line":8,"column":62}}],"line":7}},"s":{"0":3,"1":13,"2":180},"f":{"0":13,"1":180},"b":{"0":[11,2]},"_coverageSchema":"1a1c01bbd47fc00a2c39e90264f33305004495a9","hash":"653bef740cb096bfad3636d36004bfe0ebe662ac"}
}
