TN:
SF:src\App.js
FN:12,(anonymous_0)
FN:18,(anonymous_1)
FN:22,(anonymous_2)
FN:25,(anonymous_3)
FNF:4
FNH:4
FNDA:12,(anonymous_0)
FNDA:6,(anonymous_1)
FNDA:6,(anonymous_2)
FNDA:35,(anonymous_3)
DA:12,3
DA:13,12
DA:14,10
DA:15,10
DA:16,10
DA:18,10
DA:19,6
DA:22,10
DA:23,6
DA:25,35
DA:26,6
DA:27,6
DA:31,10
LF:13
LH:13
BRDA:23,0,0,5
BRDA:23,0,1,1
BRF:2
BRH:2
end_of_record
TN:
SF:src\api.js
FN:13,(anonymous_0)
FN:14,(anonymous_1)
FN:23,(anonymous_2)
FN:31,(anonymous_3)
FN:47,(anonymous_4)
FN:58,(anonymous_5)
FN:76,(anonymous_6)
FNF:7
FNH:3
FNDA:9,(anonymous_0)
FNDA:315,(anonymous_1)
FNDA:0,(anonymous_2)
FNDA:0,(anonymous_3)
FNDA:0,(anonymous_4)
FNDA:18,(anonymous_5)
FNDA:0,(anonymous_6)
DA:13,4
DA:14,315
DA:15,9
DA:16,9
DA:23,4
DA:24,0
DA:27,0
DA:28,0
DA:31,4
DA:33,0
DA:34,0
DA:39,0
DA:41,0
DA:42,0
DA:47,4
DA:48,0
DA:49,0
DA:52,0
DA:53,0
DA:55,0
DA:58,4
DA:59,18
DA:60,18
DA:62,0
DA:65,0
DA:66,0
DA:67,0
DA:68,0
DA:69,0
DA:70,0
DA:71,0
DA:72,0
DA:76,4
DA:77,0
DA:78,0
DA:80,0
DA:81,0
DA:82,0
DA:83,0
DA:84,0
DA:85,0
DA:88,0
DA:89,0
DA:90,0
DA:92,0
DA:94,0
LF:46
LH:11
BRDA:33,0,0,0
BRDA:33,0,1,0
BRDA:33,1,0,0
BRDA:33,1,1,0
BRDA:53,2,0,0
BRDA:53,2,1,0
BRDA:59,3,0,18
BRDA:59,3,1,0
BRDA:65,4,0,0
BRDA:65,4,1,0
BRDA:70,5,0,0
BRDA:70,5,1,0
BRDA:78,6,0,0
BRDA:78,6,1,0
BRDA:80,7,0,0
BRDA:80,7,1,0
BRDA:80,8,0,0
BRDA:80,8,1,0
BRDA:84,9,0,0
BRDA:84,9,1,0
BRDA:92,10,0,0
BRDA:92,10,1,0
BRF:22
BRH:1
end_of_record
TN:
SF:src\components\CitySearch.js
FN:5,(anonymous_0)
FN:9,(anonymous_1)
FN:11,(anonymous_2)
FN:19,(anonymous_3)
FN:23,(anonymous_4)
FN:37,(anonymous_5)
FN:42,(anonymous_6)
FNF:7
FNH:7
FNDA:55,(anonymous_0)
FNDA:18,(anonymous_1)
FNDA:36,(anonymous_2)
FNDA:15,(anonymous_3)
FNDA:2,(anonymous_4)
FNDA:5,(anonymous_5)
FNDA:26,(anonymous_6)
DA:5,3
DA:6,55
DA:7,55
DA:8,55
DA:9,55
DA:10,18
DA:11,18
DA:12,36
DA:15,18
DA:16,18
DA:19,55
DA:20,15
DA:23,55
DA:24,2
DA:25,2
DA:26,2
DA:27,2
DA:30,55
DA:37,5
DA:43,26
LF:20
LH:20
BRDA:11,0,0,18
BRDA:11,0,1,0
BRDA:40,1,0,25
BRDA:40,1,1,30
BRF:4
BRH:3
end_of_record
TN:
SF:src\components\EventList.js
FN:4,(anonymous_0)
FN:7,(anonymous_1)
FNF:2
FNH:2
FNDA:13,(anonymous_0)
FNDA:180,(anonymous_1)
DA:4,3
DA:5,13
DA:8,180
LF:3
LH:3
BRDA:7,0,0,11
BRDA:7,0,1,2
BRF:2
BRH:2
end_of_record
